<?xml version="1.0" encoding="utf-8"?><testsuite errors="0" failures="1" name="pytest" skips="0" tests="1" time="0.014"><testcase classname="toto.tests.sample.test_sample" file="toto/tests/sample/test_sample.py" line="2" name="test_sample" time="0.000407934188843"><failure message="assert 0">def test_sample():
        &quot;&quot;&quot;Give an example of test.&quot;&quot;&quot;
&gt;       assert 0
E       assert 0

tests/sample/test_sample.py:5: AssertionError</failure></testcase></testsuite>