<?xml version="1.0" encoding="utf-8"?><testsuite errors="0" failures="0" name="pytest" skips="1" tests="1" time="0.016"><testcase classname="sample.test_binary" file="sample/test_binary.py" line="5" name="test_user_has_home_on_local_machine" time="0.000113010406494"><skipped message="remove this skip to give it a try!" type="pytest.skip">sample/test_binary.py:5: &lt;py._xmlgen.raw object at 0x7fa1e3771950&gt;</skipped></testcase><testcase classname="sample.test_sample" file="sample/test_sample.py" line="0" name="test_sample" time="0.000379800796509"/></testsuite>
